const coloursJSON = {
  'black_green_white': ['stop-color: rgb(182, 185, 179)','stop-color: rgb(94, 126, 128)','stop-color: rgb(25, 65, 60)','stop-color: rgb(10, 20, 19)','stop-color: rgb(10, 20, 19)'],
  'black_green_white2': ['stop-color: rgb(182, 185, 179)','stop-color: rgb(94, 126, 128)','stop-color: rgb(25, 65, 60)','stop-color: rgb(10, 20, 19)','stop-color: rgb(10, 20, 19)'],
  'black_block_left': 'fill: rgb(10, 15, 13)',
  'green_back_block': 'fill: rgb(23, 43, 40)',
  'beige_arc_small': 'fill: rgb(191, 178, 127)',
  'purple_triangle': 'fill: rgb(137, 52, 81)',
  'moon': 'fill: rgb(250, 251, 255)',
  'white_lightblue': ['stop-color: rgb(255, 255, 255)','stop-color: rgb(151, 184, 233)','stop-color: rgb(151, 184, 233)'],
  'lavender_finger': 'fill: rgb(216, 199, 220);'
  'pinkish_finger': 'fill: rgb(155, 52, 108);'
  'lilac_finger': 'fill: rgb(143, 114, 172);'
  'blue_line': 'fill: rgb(58, 117, 167);'
  'beige_beam_diagonal': 'fill: rgb(247, 247, 219)',
  'green_transparent4': ['stop-color: rgb(140, 156, 73)','stop-color: rgb(140, 156, 73)'],
  'green_transparent': ['stop-color: rgb(140, 156, 73)','stop-color: rgb(140, 156, 73)','stop-color: rgb(140, 156, 73)'],
  'darkgreen_lightgreen': ['stop-color: rgb(21, 35, 36)','stop-color: rgb(61, 133, 106)'],
  'orange_fade': ['stop-color: rgb(198,51,16)','stop-color: rgb(198,51,16)','stop-color: rgb(198,51,16)','stop-color: rgb(198,51,16)','stop-color: rgb(198,51,16)','stop-color: rgb(198,51,16)'],
  'orange_block': 'fill: rgb(252, 63, 14)',
  'yellow_green': ['stop-color: rgb(251, 250, 102)','stop-color: rgb(117, 157, 103)'],
  'beige_vertical_block': 'fill: rgb(251, 249, 175)',
  'yellow_vertical_block': 'fill: rgb(243, 202, 39)',
  'bright_yellow_block': 'fill: rgb(252, 219, 8)',
  'two_greens': ['stop-color: rgb(7, 70, 31)','stop-color: rgb(22, 126, 32)'],
  'black_blue_white': ['stop-color: rgb(11, 21, 30)','stop-color: rgb(15, 30, 46)','stop-color: rgb(20, 41, 154)','stop-color: rgb(25, 97, 169)'],
  'peach_arc_corner': 'fill: rgb(227, 133, 103)',
  'pink_red': ['stop-color: rgb(253, 237, 236)','stop-color: rgb(230, 73, 88)'],
  'blue_yellow': ['stop-color: rgb(121, 166, 204)','stop-color: rgb(187, 165, 67)'],
  'dark_blue_block': 'fill: rgb(12, 26, 62)',
  'black_arc_small': 'fill: rgb(10, 16, 14)',
  'magenta_red': ['stop-color: rgb(187, 39, 50)','stop-color: rgb(168, 46, 107)'],
  'teal_lozenge_drop': ['stop-color:rgb(10, 28, 30)','stop-color: rgb(16, 44, 45)','stop-color: rgb(20, 62, 59)','st]op-color:rgb(26, 143, 120)'][,
  'blue_purple': ['stop-color: rgb(25, 43, 135)','stop-color: rgb(92, 34, 121)','stop-color: rgb(92, 34, 121)',]'stop-color: rgb(25, 43, 135)'],
  'lilac_arc_corner': 'fill: rgb(147, 95, 167)',
  'black_block_small': 'fill: rgb(9, 18, 15)',
  'blue_light_green': ['stop-color: rgb(21, 45, 133)','stop-color: rgb(105, 151, 213)','stop-color: rgb(123, 145, 83)'],
  'pale_green_long_block': 'fill: rgb(93, 99, 88)',
  'green_white': ['stop-color: rgb(52, 116, 100)','stop-color: rgb(212, 194, 184)'],
  'black_transparent': ['stop-color: rgb(11, 18, 18)','stop-color: rgb(11, 18, 18)','stop-color: rgb(11, 18, 18)','stop-color: rgb(11, 18, 18)'],
  'lightblue_darkblue': ['stop-color: rgb(30, 105, 190)','stop-color: rgb(14, 37, 105)'],
  'black_pink_white': ['stop-color: rgb(27, 18, 33)','stop-color: rgb(159, 33, 64)','stop-color: rgb(222, 128, 172)','stop-color: rgb(235, 179, 205)'],
  'yellow_beam_straight': 'fill: rgb(254, 209, 46)',
  'green_transparent3': ['stop-color: rgb(140, 156, 73)','stop-color: rgb(140, 156, 73)','stop-color: rgb(140, 156, 73)'],
  'yellow_beam_corner': 'fill: rgb(244, 218, 46)',
  'green_transparent2': ['stop-color: rgb(140, 156, 73)','stop-color: rgb(140, 156, 73)','stop-color: rgb(140, 156, 73)','stop-color: rgb(140, 156, 73)'],
  'orange_block_long': 'fill: rgb(251, 62, 14)',
  'brown_ochre': ['stop-color: rgb(78, 29, 37)','stop-color: rgb(125, 68, 44)','stop-color: rgb(161, 114, 48)','stop-color: rgb(161, 114, 48)'],
  'black_bit': 'fill: rgb(11, 18, 18)',
  'greenish_triangle': 'fill: rgb(79, 120, 81)',
  'yellow_corner_top': 'fill: rgb(252, 231, 103)',
  'lilac_corner_top': 'fill: rgb(168, 116, 156)',
  'lilac_black': ['stop-color: rgb(12, 20, 22)','stop-color: rgb(139, 63, 133)'],
  'bright_lilac_block': 'fill: rgb(226, 178, 176)',
  'teal_fade': ['stop-color: rgb(7, 41, 61)','stop-color: rgb(21, 138, 166)'],
  'little_beigey_block': 'fill: rgb(193, 214, 158)',
  'white_triangle_right': 'fill: rgb(232, 217, 210)',
  'black_transparent2': ['stop-color: rgb(11, 18, 18)','stop-color: rgb(11, 18, 18)'],
  'white_triangle_left': 'fill: rgb(159, 160, 149)',
  'white_darkblue': ['stop-color: rgb(100, 154, 192)','stop-color: rgb(13, 34, 92)','stop-color: rgb(12, 21, 35)'],
  'lilac_overlay': ['stop-color: rgb(125, 49, 115)','stop-color: rgb(125, 49, 115)','stop-color: rgb(125, 49, 115)','stop-color: rgb(125, 49, 115)'],
  'white_fade_curve_fade': ['stop-color: rgb(255, 255, 255)','stop-color: rgb(255, 255, 255)','stop-color: rgb(255, 255, 255)'],
  'lilac_overlay2': ['stop-color: rgb(201, 118, 168)','stop-color: rgb(201, 118, 168)','stop-color: rgb(201, 118, 168)','stop-color: rgb(201, 118, 168)'],
  'black_transparent3': ['stop-color: rgb(11, 18, 18)','stop-color: rgb(11, 18, 18)'],
  'lilac_line_fade': ['stop-color: rgb(81, 52, 112)','stop-color: rgb(44, 52, 122)','stop-color: rgb(132, 113, 183)','stop-color: rgb(148, 103, 173)'],
  'magenta_line_fade': ['stop-color: rgb(155, 39, 107)','stop-color: rgb(207, 113, 159)','stop-color: rgb(133, 81, 140)'],
  'magenta_line_filler': 'fill: rgb(161, 105, 170)',
  'orange_arc_fade': ['stop-color: rgb(205, 170, 156)','stop-color: rgb(217, 125, 67)','stop-color: rgb(217, 125, 67)','stop-color: rgb(84, 60, 69)'],
  'tiny_filler_black_block': 'fill: rgb(65, 46, 53)',
  'green_lightgreen_vertical_beam_fade': ['stop-color: rgb(127, 196, 38)','stop-color: rgb(31, 109, 51)'],
  'green_darkgreen_diagonal_beam': 'fill: rgb(13, 33, 25)',
  'darkgreen_black_cone': 'fill: rgb(12, 67, 47)',
  'darkgreen_black_cone_fade': ['stop-color: rgb(5, 18, 22)','stop-color: rgb(9, 51, 40)','stop-color: rgb(15, 89, 48)','stop-color: rgb(42, 125, 74)','stop-color: rgb(5, 18, 22)','stop-color: rgb(9, 51, 40)','stop-color: rgb(15, 89, 48)','stop-color: rgb(42, 125, 74)','stop-color: rgb(5, 18, 22)','stop-color: rgb(9, 51, 40)','stop-color: rgb(15, 89, 48)','stop-color: rgb(42, 125, 74)'],
  'green_cone_highlight_fade': ['stop-color: rgb(127, 242, 255)','stop-color: rgb(127, 242, 255)','stop-color: rgb(127, 242, 255)','stop-color: rgb(127, 242, 255)'],
  'orange_fade2': ['stop-color: rgb(198, 51, 16)','stop-color: rgb(198, 51, 16)','stop-color: rgb(198, 51, 16)'],
  'orange_fade3': ['stop-color: rgb(198, 51, 16)','stop-color: rgb(198, 51, 16)'],
  'orange_block_green_line': 'fill: rgb(20, 50, 38);'
  'dark_black_blue_center_green_arc_top_block_fade': ['stop-color: rgb(11, 102, 51)','stop-color: rgb(3, 73, 66)'],
  'orange_block_yellow_line': 'fill: rgb(247, 228, 48);'
  'dark_black_blue_center_block_fade': ['stop-color:rgb(4, 26, 37)','stop-color:rgb(8, 15, 13)'],
  'dark_black_blue_center_sideblock': 'fill: rgb(7, 16, 13);'
  'green_leaf_right_bottom2': 'fill: rgb(5, 83, 43);'
  'dark_block_behind_white_branch_fade': ['stop-color: rgb(5, 21, 25)','stop-color: rgb(7, 139, 133)'],
  'orangy_branch_fade': ['stop-color: rgb(183, 173, 138)','stop-color: rgb(135, 114, 84)','stop-color: rgb(231, 175, 92)','stop-color: rgb(204, 138, 81)','stop-color: rgb(179, 99, 54)','stop-color: rgb(81, 63, 58)'],
  'orangy_branch_overlay': ['stop-color: rgb(81, 63, 58)','stop-color: rgb(81, 63, 58)'],
  'rose_Block_bottom_right_fade': ['stop-color: rgb(210, 118, 167)','stop-color: rgb(93, 35, 67)','stop-color: rgb(114, 115, 163)','stop-color: rgb(111, 105, 117)','stop-color: rgb(57, 74, 92)','stop-color: rgb(210, 217, 214)'],
  'lilac_overlay3': ['stop-color: rgb(210, 118, 167)','stop-color: rgb(210, 118, 167)'],
  'pinkish_bottom_right': 'fill: rgb(125, 38, 73);'
  'pinkish_bottom_far_right': 'fill: rgb(140, 22, 73);'
  'yellow_line_left_of_mid_leaf': 'fill: rgb(212, 194, 102);'
  'yellow_triangle_over_orange_block_between_leafs': 'fill: rgb(212, 194, 102);'
  'green_yellow_orange_fade': ['stop-color: rgb(244, 29, 9)','stop-color: rgb(243, 183, 56)','stop-color: rgb(5, 67, 26)'],
  'green_under_green_yellow_orange_block': 'fill: rgb(5, 82, 39);'
  'mustard_green_whitish_fade': ['stop-color: rgb(158, 151, 41)','stop-color: rgb(29, 102, 41)','stop-color: rgb(174, 184, 123)'],
  'teal_brightteal_fade': ['stop-color: rgb(5, 24, 29)','stop-color: rgb(9, 36, 49)','stop-color: rgb(24, 147, 133)'],
  'teal_brightteal_fade2': ['stop-color: rgb(8, 17, 34)','stop-color: rgb(9, 36, 49)','stop-color: rgb(1, 30, 82)','stop-color: rgb(2, 48, 81)','stop-color: rgb(7, 158, 146)'],
  'green_leaf_left_bottom': 'fill: rgb(3, 115, 53);'
  'green_leaf_middle_bottom_fade': ['stop-color: rgb(6, 35, 29)','stop-color: rgb(13, 54, 28)','stop-color: rgb(46, 91, 48)','stop-color: rgb(71, 112, 38)','stop-color: rgb(122, 158, 75)'],
  'green_leaf_right_bottom': 'fill: rgb(166, 148, 31);'
  'yellow_mustard_fade': ['stop-color: rgb(142, 109, 18)','stop-color: rgb(146, 126, 24)','stop-color: rgb(132, 127, 25)','stop-color: rgb(235, 214, 10)'],
  'magenta_line_right': 'fill: rgb(115, 6, 65)',
  'lila_corner_top_right': 'fill: rgb(41, 28, 128)',
  'lila_corner_white_line_top_right': 'fill: rgb(160, 183, 199)',
  'darkgreen_block_next_to_fawn_fade': ['stop-color: rgb(8, 14, 14)','stop-color: rgb(13, 61, 40)'],
  'lightdarkgreen_block_next_to_fawn_fade': ['stop-color: rgb(80, 169, 35)','stop-color: rgb(15, 94, 39)','stop-color: rgb(12, 62, 41)','stop-color: rgb(14, 40, 32)'],
  'midgreen_block_next_to_fawn': 'fill: rgb(22, 112, 34)',
  'darkgreen_areas_near_fawn_face': 'fill: rgb(8, 30, 28)',
  'purple_areas_near_fawn_face_fade': ['stop-color: rgb(93, 27, 77)','stop-color: rgb(17, 57, 108)','stop-color: rgb(35, 106, 141)'],
  'green_filler_gap': 'fill: rgb(35, 118, 91)',
  'green_beam_near_fawn_nose_fade': ['stop-color: rgb(32, 128, 73)','stop-color: rgb(48, 164, 131)','stop-color: rgb(3, 124, 66)','stop-color: rgb(131, 188, 73)','stop-color: rgb(169, 217, 95)'],
  'brightgreen_beam_above_fawn': 'fill: rgb(141, 198, 31)',
  'greenfade_beam_above_fawn_fade': ['stop-color: rgb(7, 23, 20)','stop-color: rgb(7, 56, 48)','stop-color: rgb(21, 145, 106)','stop-color: rgb(116, 164, 56)','stop-color: rgb(14, 94, 61)'],
  'greenfade_beam_above_fawn_fade2': ['stop-color: rgb(7, 23, 20)','stop-color: rgb(7, 56, 48)','stop-color: rgb(21, 145, 106)','stop-color: rgb(116, 164, 56)','stop-color: rgb(14, 94, 61)'],
  'teal_block_behind_fawn': 'fill: rgb(3, 74, 77)',
  'dark_mountain_fade': ['stop-color: rgb(19, 79, 85)','stop-color: rgb(6, 50, 54)','stop-color: rgb(6, 17, 13)'],
  'pine_next_to_mountain': 'fill: rgb(100, 155, 41)',
  'green_triangle_next_to_pine': 'fill: rgb(96, 171, 39)',
  'pale_green_triangle_next_to_pine': 'fill: rgb(191, 218, 95)',
  'mid_green_block_next_to_pine': 'fill: rgb(22, 107, 51)',
  'olive_transparent_fade': ['stop-color: rgb(81, 113, 34)','stop-color: rgb(81, 113, 34)','stop-color: rgb(81, 113, 34)'],
  'white_yellow_orange_fade': ['stop-color: rgb(255, 240, 180)','stop-color: rgb(248, 215, 69)','stop-color: rgb(248, 169, 103)','stop-color: rgb(245, 127, 86)'],
  'white_rose_area_fade3': ['stop-color: rgb(216, 82, 136)','stop-color: rgb(247, 173, 160)'],
  'yellow_block_next_to_orange_leaf': 'fill: rgb(250, 200, 37)',
  'brown_block_next_to_orange_leaf': 'fill: rgb(90, 72, 88)',
  'mustard_triangle': 'fill: rgb(144, 132, 13)',
  'olive_filler_block': 'fill: rgb(190, 165, 21)',
  'white_yellow_fade': ['stop-color: rgb(254, 245, 136)','stop-color: rgb(254, 245, 136)','stop-color: rgb(245, 232, 25)'],
  'yellow_green_fade': ['stop-color: rgb(97, 168, 53)','stop-color: rgb(249, 219, 3)'],
  'green_olive_fade': ['stop-color: rgb(73, 140, 47)','stop-color: rgb(87, 119, 18)','stop-color: rgb(96, 152, 31)','stop-color: rgb(69, 139, 30)','stop-color: rgb(58, 126, 33)','stop-color: rgb(44, 115, 24)'],
  'darkgreen_filler_line': 'fill: rgb(4, 53, 33)',
  'orange_filler_line': 'fill: rgb(237, 180, 7)',
  'lightgreen_filler_line': 'fill: rgb(168, 211, 62)',
  'lightolive_filler_triangle': 'fill: rgb(140, 147, 26)',
  'yellow_block_in_forest': 'fill: rgb(251, 224, 16)',
  'black_back_block_right': 'fill: rgb(9, 19, 19)',
  'black_blue_fade': ['stop-color: rgb(13, 35, 74)','stop-color: rgb(8, 15, 13)'],
  'yellow_pink_transparent_fade': ['stop-color: rgb(250, 233, 51)','stop-color: rgb(250, 233, 51)','stop-color: rgb(244, 94, 140)'],
  'green_yellow_transparent_fade': ['stop-color: rgb(13, 52, 39)','stop-color: rgb(250, 233, 51)'],
  'gray_transparent_fade': ['stop-color: rgb(128, 154, 147)','stop-color: rgb(95, 108, 97)','stop-color: rgb(75, 90, 76)','stop-color: rgb(54, 92, 70)','stop-color: rgb(54, 92, 70)'],
  'gray_transparent_fade2': ['stop-color: rgb(128, 154, 147)','stop-color: rgb(95, 108, 97)','stop-color: rgb(75, 90, 76)','stop-color: rgb(54, 92, 70)','stop-color: rgb(54, 92, 70)'],
  'gray_transparent_fade5': ['stop-color: rgb(128, 154, 147)','stop-color: rgb(95, 108, 97)','stop-color: rgb(75, 90, 76)','stop-color: rgb(54, 92, 70)','stop-color: rgb(54, 92, 70)'],
  'gray_transparent_fade3': ['stop-color: rgb(128, 154, 147)','stop-color: rgb(95, 108, 97)','stop-color: rgb(75, 90, 76)','stop-color: rgb(54, 92, 70)','stop-color: rgb(54, 92, 70)'],
  'gray_transparent_fade4': ['stop-color: rgb(128, 154, 147)','stop-color: rgb(95, 108, 97)','stop-color: rgb(75, 90, 76)','stop-color: rgb(54, 92, 70)','stop-color: rgb(54, 92, 70)'],
  'main_branch_fade': ['stop-color: rgb(250, 250, 250)','stop-color: rgb(248, 254, 220)','stop-color: rgb(216, 198, 131)','stop-color: rgb(160, 143, 109)','stop-color: rgb(146, 130, 72)'],
  'yellow_pink_fade': ['stop-color: rgb(250, 233, 51)','stop-color: rgb(244, 94, 140)'],
  'yellow_pink_triangle_overlay': 'fill: rgb(250, 233, 51, 0.5)',
  'green_triangle_fade': ['stop-color: rgb(128, 159, 102)','stop-color: rgb(76, 139, 65)','stop-color: rgb(14, 65, 47)','stop-color: rgb(10, 41, 33)'],
  'green_triangle_fade2': ['stop-color: rgb(128, 159, 102)','stop-color: rgb(76, 139, 65)','stop-color: rgb(14, 65, 47)','stop-color: rgb(10, 41, 33)'],
  'green_yellow_next_to_tree_block_fade': ['stop-color: rgb(17, 98, 50)','stop-color: rgb(226, 211, 19)','stop-color: rgb(226, 211, 19)'],
  'yellow_mint_far_right_fade': ['stop-color: rgb(242, 201, 15)','stop-color: rgb(168, 188, 88)'],
  'yellow_lightgreen_block_fade': ['stop-color: rgb(233, 220, 16)','stop-color: rgb(194, 217, 104)'],
  'light_brown_block_fade': ['stop-color: rgb(176, 138, 22)','stop-color: rgb(226, 179, 88)','stop-color: rgb(235, 201, 135)'],
  'mint_filler_rightish': 'fill: rgb(166, 198, 141)',
  'yellow_orange_block_right': 'fill: rgb(233, 200, 14)',
  'beige_filler_right': 'fill: rgb(247, 248, 149)',
  'yellow_midgreen_block_fade': ['stop-color: rgb(193, 210, 19)','stop-color: rgb(140, 173, 23)'],
  'mintgreen_block_far_right': 'fill: rgb(88, 138, 86)',
  'green_block_next_to_tree_right_fade': ['stop-color: rgb(8, 29, 24)','stop-color: rgb(20, 87, 44)','stop-color: rgb(38, 158, 105)'],
  'white_yellow_white_orange_fade': ['stop-color: rgb(254, 254, 131)','stop-color: rgb(249, 219, 14)','stop-color: rgb(255, 255, 176)','stop-color: rgb(255, 255, 176)','stop-color: rgb(240, 188, 58)','stop-color: rgb(210, 169, 38)'],
  'lightmint_block_right': 'fill: rgb(28, 145, 103)',
  'darkmint_block_right': 'fill: rgb(13, 63, 48)',
  'yellow_green_back_fade_block_fade': ['stop-color: rgb(242, 205, 89)','stop-color: rgb(251, 242, 145)','stop-color: rgb(226, 200, 64)','stop-color: rgb(219, 226, 98)','stop-color: rgb(151, 170, 32)','stop-color: rgb(226, 231, 112)','stop-color: rgb(226, 231, 112)'],
  'brown_white_green_corner_fade': ['stop-color: rgb(255, 255, 255)','stop-color: rgb(37, 88, 52)','stop-color: rgb(49, 40, 22)','stop-color: rgb(30, 45, 29)','stop-color: rgb(42, 49, 30)','stop-color: rgb(54, 55, 37)','stop-color: rgb(60, 59, 40)',
  'rose_panel_right': 'fill: rgb(235, 126, 188)'],
  'rose_panel_black_top_right': 'fill: rgb(14, 20, 24)',
  'lightgreen_top_right_fade': ['stop-color: rgb(95, 145, 34)','stop-color: rgb(136, 188, 41)','stop-color: rgb(153, 172, 66)','stop-color: rgb(206, 205, 19)','stop-color: rgb(226, 230, 126)'],
  'brightyellow_white_triangle_right_fade': ['stop-color: rgb(236, 200, 30)','stop-color: rgb(249, 204, 9)','stop-color: rgb(248, 223, 80)','stop-color: rgb(255, 255, 241)'],
  'red_rose_white_trio_white_fade': ['stop-color: rgb(242, 232, 141)','stop-color: rgb(252, 243, 207)','stop-color: rgb(244, 228, 223)'],
  'red_rose_white_trio_red': ['fill: rgb(203, 32, 34)','fill: rgb(246, 154, 164)'],
  'yellow_block_next_to_red_rose_white_trio': 'fill: rgb(255, 250, 2)',
  'white_green_next_to_yellow_fade': ['stop-color: rgb(90, 161, 95)','stop-color: rgb(147, 198, 144)','stop-color: rgb(189, 217, 182)','stop-color: rgb(210, 227, 206)'],
  'blue_pink_next_to_rose_area_fade': ['stop-color: rgb(36, 38, 94)','stop-color: rgb(76, 86, 157)','stop-color: rgb(167, 45, 108)','stop-color: rgb(181, 90, 149)','stop-color: rgb(39, 123, 192)','stop-color: rgb(19, 51, 100)','stop-color: rgb(65, 112, 155)'],
  'white_rose_area_fade': ['stop-color: rgb(182, 52, 112)','stop-color: rgb(220, 124, 171)','stop-color: rgb(252, 218, 246)'],
  'white_next_to_rose_area': 'fill: rgb(241, 233, 221)',
  'white_rose_area_fade2': ['stop-color: rgb(162, 72, 143)','stop-color: rgb(182, 52, 112)','stop-color: rgb(220, 124, 171)','stop-color: rgb(251, 203, 170)','stop-color: rgb(252, 218, 246)','stop-color: rgb(247, 239, 241)'],
  'green_brightgreen_area_fade': ['stop-color: rgb(139, 187, 47)','stop-color: rgb(48, 171, 192)','stop-color: rgb(4, 104, 84)'],
  'green_misch_masch_area_fade': ['stop-color: rgb(149, 127, 111)','stop-color: rgb(149, 154, 125)','stop-color: rgb(122, 147, 124)','stop-color: rgb(122, 183, 147)','stop-color: rgb(150, 185, 61)','stop-color: rgb(107, 171, 53)','stop-color: rgb(9, 83, 47)','stop-color: rgb(15, 55, 36)'],
  'fawn_head_fade': ['stop-color: rgb(196, 137, 49)','stop-color: rgb(179, 169, 43)','stop-color: rgb(217, 200, 40)','stop-color: rgb(139, 155, 58)','stop-color: rgb(120, 152, 69)','stop-color: rgb(95, 138, 78)','stop-color: rgb(120, 152, 69)','stop-color: rgb(139, 155, 58)','stop-color: rgb(217, 200, 40)','stop-color: rgb(179, 169, 43)','stop-color: rgb(196, 137, 49)'],
  'fawn_neck_fade': ['stop-color: rgb(186, 193, 68)','stop-color: rgb(210, 219, 128)','stop-color: rgb(98, 127, 50)'],
  'fawn_behind_ear_fade': ['stop-color: rgb(133, 180, 124)','stop-color: rgb(133, 180, 124)','stop-color: rgb(133, 180, 124)'],
  'fawn_behind_ear_fade2': ['stop-color: rgb(48, 85, 48)','stop-color: rgb(48, 85, 48)','stop-color: rgb(48, 85, 48)','stop-color: rgb(48, 85, 48)'],
  'fawn_face_side_white_fade': ['stop-color: rgb(225, 236, 200)','stop-color: rgb(174, 211, 172)','stop-color: rgb(206, 238, 204)','stop-color: rgb(134, 206, 181)'],
  'fawn_nose_green_bit': 'fill: rgb(49, 96, 70)',
  'fawn_nose_white_highlight_fade': ['stop-color: rgb(216, 233, 195)','stop-color: rgb(144, 176, 126)'],
  'fawn_nose': 'fill: rgb(10, 29, 28)',
  'fawn_eyelid_fade': ['stop-color: rgb(21, 61, 41)','stop-color: rgb(55, 128, 94)','stop-color: rgb(97, 162, 118)'],
  'fawn_eyelashes': 'fill: rgb(10, 32, 29)',
  'fawn_ear_outer_green': 'fill: rgb(60, 146, 106)',
  'fawn_ear_inner_white': 'fill: rgb(196, 236, 197)',
  'fawn_neck_dark_left_fade': ['stop-color: rgb(11, 33, 28)','stop-color: rgb(19, 81, 57)','stop-color: rgb(29, 113, 74)'],
  'fawn_neck_dark_right_fade': ['stop-color: rgb(11, 33, 28)','stop-color: rgb(19, 81, 57)','stop-color: rgb(29, 113, 74)'],
  'fawn_body_green_yellow_layer_fade': ['stop-color: rgb(208, 205, 74)','stop-color: rgb(77, 145, 86)','stop-color: rgb(17, 94, 75)'],
  'fawn_body_brown_dots1': 'fill: rgba(112, 100, 70, 0.5)',
  'fawn_body_brown_dots2': 'fill: rgba(112, 100, 70, 0.5)',
  'fawn_body_brown_dots3': 'fill: rgba(112, 100, 70, 0.5)',
  'fawn_body_brown_dots4': 'fill: rgba(112, 100, 70, 0.5)',
  'fawn_body_white_transparent_layer_fade': ['stop-color: rgb(231, 231, 198)','stop-color: rgb(180, 180, 130)','stop-color: rgb(180, 180, 130)','stop-color: rgb(180, 180, 130)'],
  'fawn_body_yellow_transparent_layer_fade': ['stop-color: rgb(171, 147, 112)','stop-color: rgb(171, 147, 112)','stop-color: rgb(171, 147, 112)','stop-color: rgb(171, 147, 112)'],
  'fawn_body_white_transparent_corner_fade': ['stop-color: rgb(231, 231, 198)','stop-color: rgb(231, 231, 198)','stop-color: rgb(229, 251, 255)','stop-color: rgb(229, 251, 255)'],
  'fawn_body_white_spots1': 'fill: rgba(240, 240, 240, 0.7)',
  'fawn_body_white_spots2': 'fill: rgba(240, 240, 240, 0.7)',
  'fawn_body_white_spots3': 'fill: rgba(240, 240, 240, 0.7)'
};